writeCommonTags: couldn't write 'year' tag to 'Hindi Songs/MOHAMMAD RAFI/Meri Duniya Mein Tum Aaye (Other Quality).wma' as it's not a positive integer
writeCommonTags: couldn't write 'track' tag to 'Hindi Songs/MOHAMMAD RAFI/Meri Duniya Mein Tum Aaye (Other Quality).wma' as it's not a positive integer
writeCommonTags: couldn't write 'year' tag to 'Hindi Songs/NUSRAT FATEH/Aap Baithay Hain Bali Pay.wma' as it's not a positive integer
writeCommonTags: couldn't write 'year' tag to 'Hindi Songs/NUSRAT FATEH/Aj Sig Mitran Di.wma' as it's not a positive integer
writeCommonTags: couldn't write 'year' tag to 'Hindi Songs/NUSRAT FATEH/Akh Lai Mein Jaddon Di Tere.wma' as it's not a positive integer
writeCommonTags: couldn't write 'track' tag to 'Hindi Songs/NUSRAT FATEH/Akh Lai Mein Jaddon Di Tere.wma' as it's not a positive integer
writeCommonTags: couldn't write 'year' tag to 'Hindi Songs/NUSRAT FATEH/Akhan Lab Liya Ron Da.wma' as it's not a positive integer
writeCommonTags: couldn't write 'year' tag to 'Hindi Songs/NUSRAT FATEH/Akhiyan Udeekhdiyan.WMA' as it's not a positive integer
writeCommonTags: couldn't write 'track' tag to 'Hindi Songs/NUSRAT FATEH/Akhiyan Udeekhdiyan.WMA' as it's not a positive integer
writeCommonTags: couldn't write 'year' tag to 'Hindi Songs/NUSRAT FATEH/Allah Muhammad Char.WMA' as it's not a positive integer
writeCommonTags: couldn't write 'track' tag to 'Hindi Songs/NUSRAT FATEH/Allah Muhammad Char.WMA' as it's not a positive integer
writeCommonTags: couldn't write 'year' tag to 'Hindi Songs/NUSRAT FATEH/Assan Hor Bhala Rab Kolona.wma' as it's not a positive integer
writeCommonTags: couldn't write 'year' tag to 'Hindi Songs/NUSRAT FATEH/Behad_ramza_dasda_complet_.wma' as it's not a positive integer
writeCommonTags: couldn't write 'year' tag to 'Hindi Songs/NUSRAT FATEH/Bujhi Hui Shama Ka Dhuan N.wma' as it's not a positive integer
writeCommonTags: couldn't write 'year' tag to 'Hindi Songs/NUSRAT FATEH/Bunayi Mujh Benawah Ki Bii.wma' as it's not a positive integer
writeCommonTags: couldn't write 'year' tag to 'Hindi Songs/NUSRAT FATEH/Haq Ali Haq.WMA' as it's not a positive integer
writeCommonTags: couldn't write 'track' tag to 'Hindi Songs/NUSRAT FATEH/Haq Ali Haq.WMA' as it's not a positive integer
writeCommonTags: couldn't write 'year' tag to 'Hindi Songs/NUSRAT FATEH/Intoxica-nfak.wma' as it's not a positive integer
writeCommonTags: couldn't write 'track' tag to 'Hindi Songs/NUSRAT FATEH/Intoxica-nfak.wma' as it's not a positive integer
writeCommonTags: couldn't write 'year' tag to 'Hindi Songs/NUSRAT FATEH/Ja Mur Ja Gher Ishq Wich A.wma' as it's not a positive integer
writeCommonTags: couldn't write 'year' tag to 'Hindi Songs/NUSRAT FATEH/Khanjar Hai Teri.WMA' as it's not a positive integer
writeCommonTags: couldn't write 'track' tag to 'Hindi Songs/NUSRAT FATEH/Khanjar Hai Teri.WMA' as it's not a positive integer
writeCommonTags: couldn't write 'year' tag to 'Hindi Songs/NUSRAT FATEH/Meno Yaadan Teri.WMA' as it's not a positive integer
writeCommonTags: couldn't write 'track' tag to 'Hindi Songs/NUSRAT FATEH/Meno Yaadan Teri.WMA' as it's not a positive integer
writeCommonTags: couldn't write 'year' tag to 'Hindi Songs/NUSRAT FATEH/Meri Aankhon Ko.WMA' as it's not a positive integer
writeCommonTags: couldn't write 'track' tag to 'Hindi Songs/NUSRAT FATEH/Meri Aankhon Ko.WMA' as it's not a positive integer
writeCommonTags: couldn't write 'year' tag to 'Hindi Songs/NUSRAT FATEH/Aap Baithay Hain Bali Pay.wma' as it's not a positive integer
writeCommonTags: couldn't write 'year' tag to 'Hindi Songs/NUSRAT FATEH/Aj Sig Mitran Di.wma' as it's not a positive integer
writeCommonTags: couldn't write 'year' tag to 'Hindi Songs/NUSRAT FATEH/Akh Lai Mein Jaddon Di Tere.wma' as it's not a positive integer
writeCommonTags: couldn't write 'track' tag to 'Hindi Songs/NUSRAT FATEH/Akh Lai Mein Jaddon Di Tere.wma' as it's not a positive integer
writeCommonTags: couldn't write 'year' tag to 'Hindi Songs/NUSRAT FATEH/Akhan Lab Liya Ron Da.wma' as it's not a positive integer
writeCommonTags: couldn't write 'year' tag to 'Hindi Songs/NUSRAT FATEH/Akhiyan Udeekhdiyan.WMA' as it's not a positive integer
writeCommonTags: couldn't write 'track' tag to 'Hindi Songs/NUSRAT FATEH/Akhiyan Udeekhdiyan.WMA' as it's not a positive integer
writeCommonTags: couldn't write 'year' tag to 'Hindi Songs/NUSRAT FATEH/Allah Muhammad Char.WMA' as it's not a positive integer
writeCommonTags: couldn't write 'track' tag to 'Hindi Songs/NUSRAT FATEH/Allah Muhammad Char.WMA' as it's not a positive integer
writeCommonTags: couldn't write 'year' tag to 'Hindi Songs/NUSRAT FATEH/Assan Hor Bhala Rab Kolona.wma' as it's not a positive integer
writeCommonTags: couldn't write 'year' tag to 'Hindi Songs/NUSRAT FATEH/Behad_ramza_dasda_complet_.wma' as it's not a positive integer
writeCommonTags: couldn't write 'year' tag to 'Hindi Songs/NUSRAT FATEH/Bujhi Hui Shama Ka Dhuan N.wma' as it's not a positive integer
writeCommonTags: couldn't write 'year' tag to 'Hindi Songs/NUSRAT FATEH/Bunayi Mujh Benawah Ki Bii.wma' as it's not a positive integer
writeCommonTags: couldn't write 'year' tag to 'Hindi Songs/NUSRAT FATEH/Haq Ali Haq.WMA' as it's not a positive integer
writeCommonTags: couldn't write 'track' tag to 'Hindi Songs/NUSRAT FATEH/Haq Ali Haq.WMA' as it's not a positive integer
writeCommonTags: couldn't write 'year' tag to 'Hindi Songs/NUSRAT FATEH/Intoxica-nfak.wma' as it's not a positive integer
writeCommonTags: couldn't write 'track' tag to 'Hindi Songs/NUSRAT FATEH/Intoxica-nfak.wma' as it's not a positive integer
writeCommonTags: couldn't write 'year' tag to 'Hindi Songs/NUSRAT FATEH/Ja Mur Ja Gher Ishq Wich A.wma' as it's not a positive integer
writeCommonTags: couldn't write 'year' tag to 'Hindi Songs/NUSRAT FATEH/Khanjar Hai Teri.WMA' as it's not a positive integer
writeCommonTags: couldn't write 'track' tag to 'Hindi Songs/NUSRAT FATEH/Khanjar Hai Teri.WMA' as it's not a positive integer
writeCommonTags: couldn't write 'year' tag to 'Hindi Songs/NUSRAT FATEH/Meno Yaadan Teri.WMA' as it's not a positive integer
writeCommonTags: couldn't write 'track' tag to 'Hindi Songs/NUSRAT FATEH/Meno Yaadan Teri.WMA' as it's not a positive integer
writeCommonTags: couldn't write 'year' tag to 'Hindi Songs/NUSRAT FATEH/Meri Aankhon Ko.WMA' as it's not a positive integer
writeCommonTags: couldn't write 'track' tag to 'Hindi Songs/NUSRAT FATEH/Meri Aankhon Ko.WMA' as it's not a positive integer
writeCommonTags: couldn't write 'year' tag to 'Hindi Songs/NUSRAT FATEH/Sari Sari Raat.WMA' as it's not a positive integer
writeCommonTags: couldn't write 'track' tag to 'Hindi Songs/NUSRAT FATEH/Sari Sari Raat.WMA' as it's not a positive integer
writeCommonTags: couldn't write 'year' tag to 'Hindi Songs/NUSRAT FATEH/Sitaron Tum To.WMA' as it's not a positive integer
writeCommonTags: couldn't write 'track' tag to 'Hindi Songs/NUSRAT FATEH/Sitaron Tum To.WMA' as it's not a positive integer
writeCommonTags: couldn't write 'year' tag to 'Hindi Songs/NUSRAT FATEH/Yaar Yaar Kehna.WMA' as it's not a positive integer
writeCommonTags: couldn't write 'track' tag to 'Hindi Songs/NUSRAT FATEH/Yaar Yaar Kehna.WMA' as it's not a positive integer
writeCommonTags: couldn't write 'year' tag to 'Hindi Songs/NUSRAT FATEH/Sitaron Tum To.WMA' as it's not a positive integer
writeCommonTags: couldn't write 'track' tag to 'Hindi Songs/NUSRAT FATEH/Sitaron Tum To.WMA' as it's not a positive integer
writeCommonTags: couldn't write 'year' tag to 'Hindi Songs/NUSRAT FATEH/Nusrat - Tere Bin Nahin Lagda(pv).wma' as it's not a positive integer
writeCommonTags: couldn't write 'year' tag to 'Hindi Songs/ASHA BHOSLE/Yeh larka hai ahalla.wma' as it's not a positive integer
writeCommonTags: couldn't write 'year' tag to 'Hindi Songs/ASHA BHOSLE/Yeh larka hai ahalla.wma' as it's not a positive integer
writeCommonTags: couldn't write 'year' tag to 'Hindi Songs/MOHAMMAD RAFI/Meri Duniya Mein Tum Aaye (Other Quality).wma' as it's not a positive integer
writeCommonTags: couldn't write 'year' tag to 'Hindi Songs/MOHAMMAD RAFI/Meri Duniya Mein Tum Aaye (Other Quality).wma' as it's not a positive integer
writeCommonTags: couldn't write 'year' tag to 'Hindi Songs/Nusrat Fateh/Aap Baithay Hain Bali Pay.wma' as it's not a positive integer
writeCommonTags: couldn't write 'year' tag to 'Hindi Songs/Nusrat Fateh/Aj Sig Mitran Di.wma' as it's not a positive integer
writeCommonTags: couldn't write 'year' tag to 'Hindi Songs/Nusrat Fateh/Akh Lai Mein Jaddon Di Tere.wma' as it's not a positive integer
writeCommonTags: couldn't write 'track' tag to 'Hindi Songs/Nusrat Fateh/Akh Lai Mein Jaddon Di Tere.wma' as it's not a positive integer
writeCommonTags: couldn't write 'year' tag to 'Hindi Songs/Nusrat Fateh/Akhan Lab Liya Ron Da.wma' as it's not a positive integer
writeCommonTags: couldn't write 'year' tag to 'Hindi Songs/Nusrat Fateh/Akhiyan Udeekhdiyan.WMA' as it's not a positive integer
writeCommonTags: couldn't write 'track' tag to 'Hindi Songs/Nusrat Fateh/Akhiyan Udeekhdiyan.WMA' as it's not a positive integer
writeCommonTags: couldn't write 'year' tag to 'Hindi Songs/Nusrat Fateh/Allah Muhammad Char.WMA' as it's not a positive integer
writeCommonTags: couldn't write 'track' tag to 'Hindi Songs/Nusrat Fateh/Allah Muhammad Char.WMA' as it's not a positive integer
writeCommonTags: couldn't write 'year' tag to 'Hindi Songs/Nusrat Fateh/Assan Hor Bhala Rab Kolona.wma' as it's not a positive integer
writeCommonTags: couldn't write 'year' tag to 'Hindi Songs/Nusrat Fateh/Behad_ramza_dasda_complet_.wma' as it's not a positive integer
writeCommonTags: couldn't write 'year' tag to 'Hindi Songs/Nusrat Fateh/Bujhi Hui Shama Ka Dhuan N.wma' as it's not a positive integer
writeCommonTags: couldn't write 'year' tag to 'Hindi Songs/Nusrat Fateh/Bunayi Mujh Benawah Ki Bii.wma' as it's not a positive integer
writeCommonTags: couldn't write 'year' tag to 'Hindi Songs/Nusrat Fateh/Haq Ali Haq.WMA' as it's not a positive integer
writeCommonTags: couldn't write 'track' tag to 'Hindi Songs/Nusrat Fateh/Haq Ali Haq.WMA' as it's not a positive integer
writeCommonTags: couldn't write 'year' tag to 'Hindi Songs/Nusrat Fateh/Intoxica-nfak.wma' as it's not a positive integer
writeCommonTags: couldn't write 'track' tag to 'Hindi Songs/Nusrat Fateh/Intoxica-nfak.wma' as it's not a positive integer
writeCommonTags: couldn't write 'year' tag to 'Hindi Songs/Nusrat Fateh/Ja Mur Ja Gher Ishq Wich A.wma' as it's not a positive integer
writeCommonTags: couldn't write 'year' tag to 'Hindi Songs/Nusrat Fateh/Khanjar Hai Teri.WMA' as it's not a positive integer
writeCommonTags: couldn't write 'track' tag to 'Hindi Songs/Nusrat Fateh/Khanjar Hai Teri.WMA' as it's not a positive integer
writeCommonTags: couldn't write 'year' tag to 'Hindi Songs/Nusrat Fateh/Meno Yaadan Teri.WMA' as it's not a positive integer
writeCommonTags: couldn't write 'track' tag to 'Hindi Songs/Nusrat Fateh/Meno Yaadan Teri.WMA' as it's not a positive integer
writeCommonTags: couldn't write 'year' tag to 'Hindi Songs/Nusrat Fateh/Meri Aankhon Ko.WMA' as it's not a positive integer
writeCommonTags: couldn't write 'track' tag to 'Hindi Songs/Nusrat Fateh/Meri Aankhon Ko.WMA' as it's not a positive integer
writeCommonTags: couldn't write 'year' tag to 'Hindi Songs/Nusrat Fateh/Naen Jeena Pyar Bina.wma' as it's not a positive integer
writeCommonTags: couldn't write 'track' tag to 'Hindi Songs/Nusrat Fateh/Naen Jeena Pyar Bina.wma' as it's not a positive integer
writeCommonTags: couldn't write 'year' tag to 'Hindi Songs/Nusrat Fateh/Sadgi To Hamari.wma' as it's not a positive integer
writeCommonTags: couldn't write 'track' tag to 'Hindi Songs/Nusrat Fateh/Sadgi To Hamari.wma' as it's not a positive integer
writeCommonTags: couldn't write 'year' tag to 'Hindi Songs/Nusrat Fateh/Saja Hai Maikhana.WMA' as it's not a positive integer
writeCommonTags: couldn't write 'track' tag to 'Hindi Songs/Nusrat Fateh/Saja Hai Maikhana.WMA' as it's not a positive integer
writeCommonTags: couldn't write 'year' tag to 'Hindi Songs/Nusrat Fateh/Sari Sari Raat.WMA' as it's not a positive integer
writeCommonTags: couldn't write 'track' tag to 'Hindi Songs/Nusrat Fateh/Sari Sari Raat.WMA' as it's not a positive integer
writeCommonTags: couldn't write 'year' tag to 'Hindi Songs/Nusrat Fateh/Sham Sud Duha Badar Ud Duja.wma' as it's not a positive integer
writeCommonTags: couldn't write 'track' tag to 'Hindi Songs/Nusrat Fateh/Sham Sud Duha Badar Ud Duja.wma' as it's not a positive integer
writeCommonTags: couldn't write 'year' tag to 'Hindi Songs/Nusrat Fateh/Sitaron Tum To.WMA' as it's not a positive integer
writeCommonTags: couldn't write 'track' tag to 'Hindi Songs/Nusrat Fateh/Sitaron Tum To.WMA' as it's not a positive integer
writeCommonTags: couldn't write 'year' tag to 'Hindi Songs/Nusrat Fateh/Tere Bin Nahin Lagda(pv).wma' as it's not a positive integer
writeCommonTags: couldn't write 'year' tag to 'Hindi Songs/Nusrat Fateh/Tere_hunjuan_di_khaer.wma' as it's not a positive integer
writeCommonTags: couldn't write 'year' tag to 'Hindi Songs/Nusrat Fateh/Un Ka Andaz-e-karam.wma' as it's not a positive integer
writeCommonTags: couldn't write 'year' tag to 'Hindi Songs/Nusrat Fateh/Yaar Yaar Kehna.WMA' as it's not a positive integer
writeCommonTags: couldn't write 'track' tag to 'Hindi Songs/Nusrat Fateh/Yaar Yaar Kehna.WMA' as it's not a positive integer
writeCommonTags: couldn't write 'year' tag to 'Hindi Songs/Nusrat Fateh/Yusuf_puchay_dus_zulekha.wma' as it's not a positive integer
writeCommonTags: couldn't write 'year' tag to 'Hindi Songs/Nusrat Fateh/Aap Baithay Hain Bali Pay.wma' as it's not a positive integer
writeCommonTags: couldn't write 'year' tag to 'Hindi Songs/Nusrat Fateh/Aj Sig Mitran Di.wma' as it's not a positive integer
writeCommonTags: couldn't write 'year' tag to 'Hindi Songs/Nusrat Fateh/Akh Lai Mein Jaddon Di Tere.wma' as it's not a positive integer
writeCommonTags: couldn't write 'track' tag to 'Hindi Songs/Nusrat Fateh/Akh Lai Mein Jaddon Di Tere.wma' as it's not a positive integer
writeCommonTags: couldn't write 'year' tag to 'Hindi Songs/Nusrat Fateh/Akhan Lab Liya Ron Da.wma' as it's not a positive integer
writeCommonTags: couldn't write 'year' tag to 'Hindi Songs/Nusrat Fateh/Akhiyan Udeekhdiyan.WMA' as it's not a positive integer
writeCommonTags: couldn't write 'track' tag to 'Hindi Songs/Nusrat Fateh/Akhiyan Udeekhdiyan.WMA' as it's not a positive integer
writeCommonTags: couldn't write 'year' tag to 'Hindi Songs/Nusrat Fateh/Allah Muhammad Char.WMA' as it's not a positive integer
writeCommonTags: couldn't write 'track' tag to 'Hindi Songs/Nusrat Fateh/Allah Muhammad Char.WMA' as it's not a positive integer
writeCommonTags: couldn't write 'year' tag to 'Hindi Songs/Nusrat Fateh/Assan Hor Bhala Rab Kolona.wma' as it's not a positive integer
writeCommonTags: couldn't write 'year' tag to 'Hindi Songs/Nusrat Fateh/Behad Ramza Dasda Complet .wma' as it's not a positive integer
writeCommonTags: couldn't write 'year' tag to 'Hindi Songs/Nusrat Fateh/Bujhi Hui Shama Ka Dhuan N.wma' as it's not a positive integer
writeCommonTags: couldn't write 'year' tag to 'Hindi Songs/Nusrat Fateh/Bunayi Mujh Benawah Ki Bii.wma' as it's not a positive integer
writeCommonTags: couldn't write 'year' tag to 'Hindi Songs/Nusrat Fateh/Haq Ali Haq.WMA' as it's not a positive integer
writeCommonTags: couldn't write 'track' tag to 'Hindi Songs/Nusrat Fateh/Haq Ali Haq.WMA' as it's not a positive integer
writeCommonTags: couldn't write 'year' tag to 'Hindi Songs/Nusrat Fateh/Intoxica Nfak.wma' as it's not a positive integer
writeCommonTags: couldn't write 'track' tag to 'Hindi Songs/Nusrat Fateh/Intoxica Nfak.wma' as it's not a positive integer
writeCommonTags: couldn't write 'year' tag to 'Hindi Songs/Nusrat Fateh/Ja Mur Ja Gher Ishq Wich A.wma' as it's not a positive integer
writeCommonTags: couldn't write 'year' tag to 'Hindi Songs/Nusrat Fateh/Khanjar Hai Teri.WMA' as it's not a positive integer
writeCommonTags: couldn't write 'track' tag to 'Hindi Songs/Nusrat Fateh/Khanjar Hai Teri.WMA' as it's not a positive integer
writeCommonTags: couldn't write 'year' tag to 'Hindi Songs/Nusrat Fateh/Meno Yaadan Teri.WMA' as it's not a positive integer
writeCommonTags: couldn't write 'track' tag to 'Hindi Songs/Nusrat Fateh/Meno Yaadan Teri.WMA' as it's not a positive integer
writeCommonTags: couldn't write 'year' tag to 'Hindi Songs/Nusrat Fateh/Meri Aankhon Ko.WMA' as it's not a positive integer
writeCommonTags: couldn't write 'track' tag to 'Hindi Songs/Nusrat Fateh/Meri Aankhon Ko.WMA' as it's not a positive integer
writeCommonTags: couldn't write 'year' tag to 'Hindi Songs/Nusrat Fateh/Naen Jeena Pyar Bina.wma' as it's not a positive integer
writeCommonTags: couldn't write 'track' tag to 'Hindi Songs/Nusrat Fateh/Naen Jeena Pyar Bina.wma' as it's not a positive integer
writeCommonTags: couldn't write 'year' tag to 'Hindi Songs/Nusrat Fateh/Sadgi To Hamari.wma' as it's not a positive integer
writeCommonTags: couldn't write 'track' tag to 'Hindi Songs/Nusrat Fateh/Sadgi To Hamari.wma' as it's not a positive integer
writeCommonTags: couldn't write 'year' tag to 'Hindi Songs/Nusrat Fateh/Saja Hai Maikhana.WMA' as it's not a positive integer
writeCommonTags: couldn't write 'track' tag to 'Hindi Songs/Nusrat Fateh/Saja Hai Maikhana.WMA' as it's not a positive integer
writeCommonTags: couldn't write 'year' tag to 'Hindi Songs/Nusrat Fateh/Sari Sari Raat.WMA' as it's not a positive integer
writeCommonTags: couldn't write 'track' tag to 'Hindi Songs/Nusrat Fateh/Sari Sari Raat.WMA' as it's not a positive integer
writeCommonTags: couldn't write 'year' tag to 'Hindi Songs/Nusrat Fateh/Sham Sud Duha Badar Ud Duja.wma' as it's not a positive integer
writeCommonTags: couldn't write 'track' tag to 'Hindi Songs/Nusrat Fateh/Sham Sud Duha Badar Ud Duja.wma' as it's not a positive integer
writeCommonTags: couldn't write 'year' tag to 'Hindi Songs/Nusrat Fateh/Sitaron Tum To.WMA' as it's not a positive integer
writeCommonTags: couldn't write 'track' tag to 'Hindi Songs/Nusrat Fateh/Sitaron Tum To.WMA' as it's not a positive integer
writeCommonTags: couldn't write 'year' tag to 'Hindi Songs/Nusrat Fateh/Tere Bin Nahin Lagda(pv).wma' as it's not a positive integer
writeCommonTags: couldn't write 'year' tag to 'Hindi Songs/Nusrat Fateh/Tere Hunjuan Di Khaer.wma' as it's not a positive integer
writeCommonTags: couldn't write 'year' tag to 'Hindi Songs/Nusrat Fateh/Un Ka Andaz-e-Karam.wma' as it's not a positive integer
writeCommonTags: couldn't write 'year' tag to 'Hindi Songs/Nusrat Fateh/Yaar Yaar Kehna.WMA' as it's not a positive integer
writeCommonTags: couldn't write 'track' tag to 'Hindi Songs/Nusrat Fateh/Yaar Yaar Kehna.WMA' as it's not a positive integer
writeCommonTags: couldn't write 'year' tag to 'Hindi Songs/Nusrat Fateh/Yusuf Puchay Dus Zulekha.wma' as it's not a positive integer
writeCommonTags: couldn't write 'year' tag to 'Hindi Songs/Nusrat Fateh/Tere Hunjuan Di Khaer.wma' as it's not a positive integer
writeCommonTags: couldn't write 'track' tag to 'Hindi Songs/Nusrat Fateh/Tere Hunjuan Di Khaer.wma' as it's not a positive integer
writeCommonTags: couldn't write 'year' tag to 'Hindi Songs/Nusrat Fateh/Aap Baithay Hain Bali Pay.wma' as it's not a positive integer
writeCommonTags: couldn't write 'year' tag to 'Hindi Songs/Nusrat Fateh/Aj Sig Mitran Di.wma' as it's not a positive integer
writeCommonTags: couldn't write 'year' tag to 'Hindi Songs/Nusrat Fateh/Akh Lai Mein Jaddon Di Tere.wma' as it's not a positive integer
writeCommonTags: couldn't write 'year' tag to 'Hindi Songs/Nusrat Fateh/Akhan Lab Liya Ron Da.wma' as it's not a positive integer
writeCommonTags: couldn't write 'year' tag to 'Hindi Songs/Nusrat Fateh/Akhiyan Udeekhdiyan.WMA' as it's not a positive integer
writeCommonTags: couldn't write 'year' tag to 'Hindi Songs/Nusrat Fateh/Allah Muhammad Char.WMA' as it's not a positive integer
writeCommonTags: couldn't write 'year' tag to 'Hindi Songs/Nusrat Fateh/Assan Hor Bhala Rab Kolona.wma' as it's not a positive integer
writeCommonTags: couldn't write 'year' tag to 'Hindi Songs/Nusrat Fateh/Behad Ramza Dasda Complet .wma' as it's not a positive integer
writeCommonTags: couldn't write 'year' tag to 'Hindi Songs/Nusrat Fateh/Bujhi Hui Shama Ka Dhuan N.wma' as it's not a positive integer
writeCommonTags: couldn't write 'year' tag to 'Hindi Songs/Nusrat Fateh/Bunayi Mujh Benawah Ki Bii.wma' as it's not a positive integer
writeCommonTags: couldn't write 'year' tag to 'Hindi Songs/Nusrat Fateh/Haq Ali Haq.WMA' as it's not a positive integer
writeCommonTags: couldn't write 'year' tag to 'Hindi Songs/Nusrat Fateh/Intoxica Nfak.wma' as it's not a positive integer
writeCommonTags: couldn't write 'year' tag to 'Hindi Songs/Nusrat Fateh/Ja Mur Ja Gher Ishq Wich A.wma' as it's not a positive integer
writeCommonTags: couldn't write 'year' tag to 'Hindi Songs/Nusrat Fateh/Khanjar Hai Teri.WMA' as it's not a positive integer
writeCommonTags: couldn't write 'year' tag to 'Hindi Songs/Nusrat Fateh/Meno Yaadan Teri.WMA' as it's not a positive integer
writeCommonTags: couldn't write 'year' tag to 'Hindi Songs/Nusrat Fateh/Meri Aankhon Ko.WMA' as it's not a positive integer
writeCommonTags: couldn't write 'year' tag to 'Hindi Songs/Nusrat Fateh/Naen Jeena Pyar Bina.wma' as it's not a positive integer
writeCommonTags: couldn't write 'year' tag to 'Hindi Songs/Nusrat Fateh/Sadgi To Hamari.wma' as it's not a positive integer
writeCommonTags: couldn't write 'year' tag to 'Hindi Songs/Nusrat Fateh/Saja Hai Maikhana.WMA' as it's not a positive integer
writeCommonTags: couldn't write 'year' tag to 'Hindi Songs/Nusrat Fateh/Sari Sari Raat.WMA' as it's not a positive integer
writeCommonTags: couldn't write 'year' tag to 'Hindi Songs/Nusrat Fateh/Sham Sud Duha Badar Ud Duja.wma' as it's not a positive integer
writeCommonTags: couldn't write 'year' tag to 'Hindi Songs/Nusrat Fateh/Sitaron Tum To.WMA' as it's not a positive integer
writeCommonTags: couldn't write 'year' tag to 'Hindi Songs/Nusrat Fateh/Tere Bin Nahin Lagda(pv).wma' as it's not a positive integer
writeCommonTags: couldn't write 'year' tag to 'Hindi Songs/Nusrat Fateh/Tere Hunjuan Di Khaer.wma' as it's not a positive integer
writeCommonTags: couldn't write 'year' tag to 'Hindi Songs/Nusrat Fateh/Un Ka Andaz-e-Karam.wma' as it's not a positive integer
writeCommonTags: couldn't write 'year' tag to 'Hindi Songs/Nusrat Fateh/Yaar Yaar Kehna.WMA' as it's not a positive integer
writeCommonTags: couldn't write 'year' tag to 'Hindi Songs/Nusrat Fateh/Yusuf Puchay Dus Zulekha.wma' as it's not a positive integer
